<?xml version="1.0" encoding="UTF-8"?>
<!-- Generated by org.testng.reporters.JUnitXMLReporter -->
<testsuite ignored="0" hostname="lenovo-PC" failures="0" tests="4" name="Test" time="11.909" errors="0" timestamp="2023-08-22T01:39:02 IST">
  <testcase classname="ChainingPackage.CreatUser" name="testCrestUser" time="7.795"/>
  <testcase classname="ChainingPackage.GetUser" name="testGetUser" time="1.691"/>
  <testcase classname="ChainingPackage.UpdateUser" name="testUpdateUser" time="1.18"/>
  <testcase classname="ChainingPackage.DeleteUser" name="testDeleteUser" time="1.094"/>
</testsuite> <!-- Test -->
