<?xml version="1.0" encoding="UTF-8"?>
<testng-results ignored="0" total="1" passed="1" failed="0" skipped="0">
  <reporter-output>
  </reporter-output>
  <suite started-at="2023-08-22T23:57:19 IST" name="Default suite" finished-at="2023-08-22T23:57:23 IST" duration-ms="4199">
    <groups>
    </groups>
    <test started-at="2023-08-22T23:57:19 IST" name="Default test" finished-at="2023-08-22T23:57:23 IST" duration-ms="4199">
      <class name="RESTTest.CookieTest">
        <test-method signature="getCookieInfo()[pri:2, instance:RESTTest.CookieTest@703580bf]" started-at="2023-08-22T23:57:19 IST" name="getCookieInfo" finished-at="2023-08-22T23:57:23 IST" duration-ms="4109" status="PASS">
          <reporter-output>
          </reporter-output>
        </test-method> <!-- getCookieInfo -->
      </class> <!-- RESTTest.CookieTest -->
    </test> <!-- Default test -->
  </suite> <!-- Default suite -->
</testng-results>
